17:27:43 **** Clean-only build of configuration Debug for project Event Creator ****
make clean 
rm -rf  ./course.o ./entrant.o ./event.o ./eventcreator.o ./fileio.o ./ioscanner.o  ./course.d ./entrant.d ./event.d ./eventcreator.d ./fileio.d ./ioscanner.d  "Event Creator"
 
17:27:43 **** Build of configuration Debug for project Event Creator ****
make all 
Building file: ../course.cpp
Invoking: GCC C++ Compiler
g++ -O0 -g3 -Wall -c -fmessage-length=0 -MMD -MP -MF"course.d" -MT"course.d" -o "course.o" "../course.cpp"
Finished building: ../course.cpp
 
Building file: ../entrant.cpp
Invoking: GCC C++ Compiler
g++ -O0 -g3 -Wall -c -fmessage-length=0 -MMD -MP -MF"entrant.d" -MT"entrant.d" -o "entrant.o" "../entrant.cpp"
Finished building: ../entrant.cpp
 
Building file: ../event.cpp
Invoking: GCC C++ Compiler
g++ -O0 -g3 -Wall -c -fmessage-length=0 -MMD -MP -MF"event.d" -MT"event.d" -o "event.o" "../event.cpp"
Finished building: ../event.cpp
 
Building file: ../eventcreator.cpp
Invoking: GCC C++ Compiler
g++ -O0 -g3 -Wall -c -fmessage-length=0 -MMD -MP -MF"eventcreator.d" -MT"eventcreator.d" -o "eventcreator.o" "../eventcreator.cpp"
../eventcreator.cpp: In member function ‘int EventCreator::ChooseEvent()’:
../eventcreator.cpp:137:51: warning: comparison between signed and unsigned integer expressions [-Wsign-compare]
../eventcreator.cpp: In member function ‘char EventCreator::ChooseCourse(Event)’:
../eventcreator.cpp:166:52: warning: comparison between signed and unsigned integer expressions [-Wsign-compare]
Finished building: ../eventcreator.cpp
 
Building file: ../fileio.cpp
Invoking: GCC C++ Compiler
g++ -O0 -g3 -Wall -c -fmessage-length=0 -MMD -MP -MF"fileio.d" -MT"fileio.d" -o "fileio.o" "../fileio.cpp"
Finished building: ../fileio.cpp
 
Building file: ../ioscanner.cpp
Invoking: GCC C++ Compiler
g++ -O0 -g3 -Wall -c -fmessage-length=0 -MMD -MP -MF"ioscanner.d" -MT"ioscanner.d" -o "ioscanner.o" "../ioscanner.cpp"
../ioscanner.cpp: In member function ‘std::string IOScanner::ReadString(int)’:
../ioscanner.cpp:50:25: warning: comparison between signed and unsigned integer expressions [-Wsign-compare]
../ioscanner.cpp:53:29: warning: comparison between signed and unsigned integer expressions [-Wsign-compare]
Finished building: ../ioscanner.cpp
 
Building target: Event Creator
Invoking: GCC C++ Linker
g++  -o "Event Creator"  ./course.o ./entrant.o ./event.o ./eventcreator.o ./fileio.o ./ioscanner.o   
./event.o: In function `Event::AddCourse(char, std::vector<int, std::allocator<int> >)':
/home/samuel/Dropbox/Aber/uni_docs/Paradigms/cs22510-runners-and-riders-redux/Event Creator/Debug/../event.cpp:29: undefined reference to `Course::Course()'
/home/samuel/Dropbox/Aber/uni_docs/Paradigms/cs22510-runners-and-riders-redux/Event Creator/Debug/../event.cpp:32: undefined reference to `Course::~Course()'
/home/samuel/Dropbox/Aber/uni_docs/Paradigms/cs22510-runners-and-riders-redux/Event Creator/Debug/../event.cpp:32: undefined reference to `Course::~Course()'
./event.o: In function `Course':
/home/samuel/Dropbox/Aber/uni_docs/Paradigms/cs22510-runners-and-riders-redux/Event Creator/Debug/../course.h:13: undefined reference to `vtable for Course'
./event.o: In function `std::vector<Course, std::allocator<Course> >::_M_insert_aux(__gnu_cxx::__normal_iterator<Course*, std::vector<Course, std::allocator<Course> > >, Course const&)':
/usr/include/c++/4.6/bits/vector.tcc:317: undefined reference to `Course::~Course()'
/usr/include/c++/4.6/bits/vector.tcc:317: undefined reference to `Course::~Course()'
collect2: ld returned 1 exit status
make: *** [Event Creator] Error 1
17:27:58 **** Incremental Build of configuration Debug for project Event Creator ****
make all 
Building target: Event Creator
Invoking: GCC C++ Linker
g++  -o "Event Creator"  ./course.o ./entrant.o ./event.o ./eventcreator.o ./fileio.o ./ioscanner.o   
./event.o: In function `Event::AddCourse(char, std::vector<int, std::allocator<int> >)':
/home/samuel/Dropbox/Aber/uni_docs/Paradigms/cs22510-runners-and-riders-redux/Event Creator/Debug/../event.cpp:29: undefined reference to `Course::Course()'
/home/samuel/Dropbox/Aber/uni_docs/Paradigms/cs22510-runners-and-riders-redux/Event Creator/Debug/../event.cpp:32: undefined reference to `Course::~Course()'
/home/samuel/Dropbox/Aber/uni_docs/Paradigms/cs22510-runners-and-riders-redux/Event Creator/Debug/../event.cpp:32: undefined reference to `Course::~Course()'
./event.o: In function `Course':
/home/samuel/Dropbox/Aber/uni_docs/Paradigms/cs22510-runners-and-riders-redux/Event Creator/Debug/../course.h:13: undefined reference to `vtable for Course'
./event.o: In function `std::vector<Course, std::allocator<Course> >::_M_insert_aux(__gnu_cxx::__normal_iterator<Course*, std::vector<Course, std::allocator<Course> > >, Course const&)':
/usr/include/c++/4.6/bits/vector.tcc:317: undefined reference to `Course::~Course()'
/usr/include/c++/4.6/bits/vector.tcc:317: undefined reference to `Course::~Course()'
collect2: ld returned 1 exit status
make: *** [Event Creator] Error 1
17:28:41 **** Incremental Build of configuration Debug for project Event Creator ****
make all 
Building file: ../course.cpp
Invoking: GCC C++ Compiler
g++ -O0 -g3 -Wall -c -fmessage-length=0 -MMD -MP -MF"course.d" -MT"course.d" -o "course.o" "../course.cpp"
Finished building: ../course.cpp
 
Building target: Event Creator
Invoking: GCC C++ Linker
g++  -o "Event Creator"  ./course.o ./entrant.o ./event.o ./eventcreator.o ./fileio.o ./ioscanner.o   
Finished building target: Event Creator
 
17:28:42 **** Clean-only build of configuration Debug for project Event Manager ****
make clean 
rm -rf  ./fileio.o ./linked_list.o ./main.o ./util.o  ./fileio.d ./linked_list.d ./main.d ./util.d  "Event Manager"
 
17:28:42 **** Build of configuration Debug for project Event Manager ****
make all 
Building file: ../fileio.c
Invoking: GCC C Compiler
gcc -O0 -g3 -Wall -c -fmessage-length=0 -MMD -MP -MF"fileio.d" -MT"fileio.d" -o "fileio.o" "../fileio.c"
Finished building: ../fileio.c
 
Building file: ../linked_list.c
Invoking: GCC C Compiler
gcc -O0 -g3 -Wall -c -fmessage-length=0 -MMD -MP -MF"linked_list.d" -MT"linked_list.d" -o "linked_list.o" "../linked_list.c"
Finished building: ../linked_list.c
 
Building file: ../main.c
Invoking: GCC C Compiler
gcc -O0 -g3 -Wall -c -fmessage-length=0 -MMD -MP -MF"main.d" -MT"main.d" -o "main.o" "../main.c"
Finished building: ../main.c
 
Building file: ../util.c
Invoking: GCC C Compiler
gcc -O0 -g3 -Wall -c -fmessage-length=0 -MMD -MP -MF"util.d" -MT"util.d" -o "util.o" "../util.c"
Finished building: ../util.c
 
Building target: Event Manager
Invoking: GCC C Linker
gcc  -o "Event Manager"  ./fileio.o ./linked_list.o ./main.o ./util.o   
Finished building target: Event Manager
 
18:47:19 **** Incremental Build of configuration Debug for project Event Creator ****
make all 
Building file: ../course.cpp
Invoking: GCC C++ Compiler
g++ -O0 -g3 -Wall -c -fmessage-length=0 -MMD -MP -MF"course.d" -MT"course.d" -o "course.o" "../course.cpp"
Finished building: ../course.cpp
 
Building file: ../entrant.cpp
Invoking: GCC C++ Compiler
g++ -O0 -g3 -Wall -c -fmessage-length=0 -MMD -MP -MF"entrant.d" -MT"entrant.d" -o "entrant.o" "../entrant.cpp"
Finished building: ../entrant.cpp
 
Building file: ../event.cpp
Invoking: GCC C++ Compiler
g++ -O0 -g3 -Wall -c -fmessage-length=0 -MMD -MP -MF"event.d" -MT"event.d" -o "event.o" "../event.cpp"
Finished building: ../event.cpp
 
Building file: ../eventcreator.cpp
Invoking: GCC C++ Compiler
g++ -O0 -g3 -Wall -c -fmessage-length=0 -MMD -MP -MF"eventcreator.d" -MT"eventcreator.d" -o "eventcreator.o" "../eventcreator.cpp"
../eventcreator.cpp: In member function ‘int EventCreator::ChooseEvent()’:
../eventcreator.cpp:160:51: warning: comparison between signed and unsigned integer expressions [-Wsign-compare]
../eventcreator.cpp: In member function ‘char EventCreator::ChooseCourse(Event)’:
../eventcreator.cpp:194:52: warning: comparison between signed and unsigned integer expressions [-Wsign-compare]
Finished building: ../eventcreator.cpp
 
Building file: ../fileio.cpp
Invoking: GCC C++ Compiler
g++ -O0 -g3 -Wall -c -fmessage-length=0 -MMD -MP -MF"fileio.d" -MT"fileio.d" -o "fileio.o" "../fileio.cpp"
Finished building: ../fileio.cpp
 
Building file: ../ioscanner.cpp
Invoking: GCC C++ Compiler
g++ -O0 -g3 -Wall -c -fmessage-length=0 -MMD -MP -MF"ioscanner.d" -MT"ioscanner.d" -o "ioscanner.o" "../ioscanner.cpp"
../ioscanner.cpp: In member function ‘std::string IOScanner::ReadString(int)’:
../ioscanner.cpp:49:25: warning: comparison between signed and unsigned integer expressions [-Wsign-compare]
../ioscanner.cpp:52:29: warning: comparison between signed and unsigned integer expressions [-Wsign-compare]
Finished building: ../ioscanner.cpp
 
Building target: Event Creator
Invoking: GCC C++ Linker
g++  -o "Event Creator"  ./course.o ./entrant.o ./event.o ./eventcreator.o ./fileio.o ./ioscanner.o   
Finished building target: Event Creator
 
18:47:26 **** Incremental Build of configuration Debug for project Event Manager ****
make all 
make: Nothing to be done for `all'.
18:52:38 **** Incremental Build of configuration Debug for project Event Creator ****
make all 
make: Nothing to be done for `all'.
18:54:04 **** Incremental Build of configuration Debug for project Event Creator ****
make all 
make: Nothing to be done for `all'.
18:57:01 **** Incremental Build of configuration Debug for project Event Creator ****
make all 
Building file: ../eventcreator.cpp
Invoking: GCC C++ Compiler
g++ -O0 -g3 -Wall -c -fmessage-length=0 -MMD -MP -MF"eventcreator.d" -MT"eventcreator.d" -o "eventcreator.o" "../eventcreator.cpp"
../eventcreator.cpp: In member function ‘int EventCreator::ChooseEvent()’:
../eventcreator.cpp:160:51: warning: comparison between signed and unsigned integer expressions [-Wsign-compare]
../eventcreator.cpp: In member function ‘char EventCreator::ChooseCourse(Event)’:
../eventcreator.cpp:194:52: warning: comparison between signed and unsigned integer expressions [-Wsign-compare]
Finished building: ../eventcreator.cpp
 
Building target: Event Creator
Invoking: GCC C++ Linker
g++  -o "Event Creator"  ./course.o ./entrant.o ./event.o ./eventcreator.o ./fileio.o ./ioscanner.o   
Finished building target: Event Creator
 
18:58:42 **** Incremental Build of configuration Debug for project Event Creator ****
make all 
Building file: ../eventcreator.cpp
Invoking: GCC C++ Compiler
g++ -O0 -g3 -Wall -c -fmessage-length=0 -MMD -MP -MF"eventcreator.d" -MT"eventcreator.d" -o "eventcreator.o" "../eventcreator.cpp"
../eventcreator.cpp: In member function ‘int EventCreator::ChooseEvent()’:
../eventcreator.cpp:160:51: warning: comparison between signed and unsigned integer expressions [-Wsign-compare]
../eventcreator.cpp: In member function ‘char EventCreator::ChooseCourse(Event)’:
../eventcreator.cpp:194:52: warning: comparison between signed and unsigned integer expressions [-Wsign-compare]
../eventcreator.cpp: In member function ‘void EventCreator::ViewEvent()’:
../eventcreator.cpp:268:25: error: no match for ‘operator<<’ in ‘std::cout << jt’
../eventcreator.cpp:268:25: note: candidates are:
/usr/include/c++/4.6/ostream:110:7: note: std::basic_ostream<_CharT, _Traits>::__ostream_type& std::basic_ostream<_CharT, _Traits>::operator<<(std::basic_ostream<_CharT, _Traits>::__ostream_type& (*)(std::basic_ostream<_CharT, _Traits>::__ostream_type&)) [with _CharT = char, _Traits = std::char_traits<char>, std::basic_ostream<_CharT, _Traits>::__ostream_type = std::basic_ostream<char>]
/usr/include/c++/4.6/ostream:110:7: note:   no known conversion for argument 1 from ‘std::vector<int>::iterator {aka __gnu_cxx::__normal_iterator<int*, std::vector<int> >}’ to ‘std::basic_ostream<char>::__ostream_type& (*)(std::basic_ostream<char>::__ostream_type&) {aka std::basic_ostream<char>& (*)(std::basic_ostream<char>&)}’
/usr/include/c++/4.6/ostream:119:7: note: std::basic_ostream<_CharT, _Traits>::__ostream_type& std::basic_ostream<_CharT, _Traits>::operator<<(std::basic_ostream<_CharT, _Traits>::__ios_type& (*)(std::basic_ostream<_CharT, _Traits>::__ios_type&)) [with _CharT = char, _Traits = std::char_traits<char>, std::basic_ostream<_CharT, _Traits>::__ostream_type = std::basic_ostream<char>, std::basic_ostream<_CharT, _Traits>::__ios_type = std::basic_ios<char>]
/usr/include/c++/4.6/ostream:119:7: note:   no known conversion for argument 1 from ‘std::vector<int>::iterator {aka __gnu_cxx::__normal_iterator<int*, std::vector<int> >}’ to ‘std::basic_ostream<char>::__ios_type& (*)(std::basic_ostream<char>::__ios_type&) {aka std::basic_ios<char>& (*)(std::basic_ios<char>&)}’
/usr/include/c++/4.6/ostream:129:7: note: std::basic_ostream<_CharT, _Traits>::__ostream_type& std::basic_ostream<_CharT, _Traits>::operator<<(std::ios_base& (*)(std::ios_base&)) [with _CharT = char, _Traits = std::char_traits<char>, std::basic_ostream<_CharT, _Traits>::__ostream_type = std::basic_ostream<char>]
/usr/include/c++/4.6/ostream:129:7: note:   no known conversion for argument 1 from ‘std::vector<int>::iterator {aka __gnu_cxx::__normal_iterator<int*, std::vector<int> >}’ to ‘std::ios_base& (*)(std::ios_base&)’
/usr/include/c++/4.6/ostream:167:7: note: std::basic_ostream<_CharT, _Traits>::__ostream_type& std::basic_ostream<_CharT, _Traits>::operator<<(long int) [with _CharT = char, _Traits = std::char_traits<char>, std::basic_ostream<_CharT, _Traits>::__ostream_type = std::basic_ostream<char>]
/usr/include/c++/4.6/ostream:167:7: note:   no known conversion for argument 1 from ‘std::vector<int>::iterator {aka __gnu_cxx::__normal_iterator<int*, std::vector<int> >}’ to ‘long int’
/usr/include/c++/4.6/ostream:171:7: note: std::basic_ostream<_CharT, _Traits>::__ostream_type& std::basic_ostream<_CharT, _Traits>::operator<<(long unsigned int) [with _CharT = char, _Traits = std::char_traits<char>, std::basic_ostream<_CharT, _Traits>::__ostream_type = std::basic_ostream<char>]
/usr/include/c++/4.6/ostream:171:7: note:   no known conversion for argument 1 from ‘std::vector<int>::iterator {aka __gnu_cxx::__normal_iterator<int*, std::vector<int> >}’ to ‘long unsigned int’
/usr/include/c++/4.6/ostream:175:7: note: std::basic_ostream<_CharT, _Traits>::__ostream_type& std::basic_ostream<_CharT, _Traits>::operator<<(bool) [with _CharT = char, _Traits = std::char_traits<char>, std::basic_ostream<_CharT, _Traits>::__ostream_type = std::basic_ostream<char>]
/usr/include/c++/4.6/ostream:175:7: note:   no known conversion for argument 1 from ‘std::vector<int>::iterator {aka __gnu_cxx::__normal_iterator<int*, std::vector<int> >}’ to ‘bool’
/usr/include/c++/4.6/bits/ostream.tcc:93:5: note: std::basic_ostream<_CharT, _Traits>& std::basic_ostream<_CharT, _Traits>::operator<<(short int) [with _CharT = char, _Traits = std::char_traits<char>]
/usr/include/c++/4.6/bits/ostream.tcc:93:5: note:   no known conversion for argument 1 from ‘std::vector<int>::iterator {aka __gnu_cxx::__normal_iterator<int*, std::vector<int> >}’ to ‘short int’
/usr/include/c++/4.6/ostream:182:7: note: std::basic_ostream<_CharT, _Traits>::__ostream_type& std::basic_ostream<_CharT, _Traits>::operator<<(short unsigned int) [with _CharT = char, _Traits = std::char_traits<char>, std::basic_ostream<_CharT, _Traits>::__ostream_type = std::basic_ostream<char>]
/usr/include/c++/4.6/ostream:182:7: note:   no known conversion for argument 1 from ‘std::vector<int>::iterator {aka __gnu_cxx::__normal_iterator<int*, std::vector<int> >}’ to ‘short unsigned int’
/usr/include/c++/4.6/bits/ostream.tcc:107:5: note: std::basic_ostream<_CharT, _Traits>& std::basic_ostream<_CharT, _Traits>::operator<<(int) [with _CharT = char, _Traits = std::char_traits<char>]
/usr/include/c++/4.6/bits/ostream.tcc:107:5: note:   no known conversion for argument 1 from ‘std::vector<int>::iterator {aka __gnu_cxx::__normal_iterator<int*, std::vector<int> >}’ to ‘int’
/usr/include/c++/4.6/ostream:193:7: note: std::basic_ostream<_CharT, _Traits>::__ostream_type& std::basic_ostream<_CharT, _Traits>::operator<<(unsigned int) [with _CharT = char, _Traits = std::char_traits<char>, std::basic_ostream<_CharT, _Traits>::__ostream_type = std::basic_ostream<char>]
/usr/include/c++/4.6/ostream:193:7: note:   no known conversion for argument 1 from ‘std::vector<int>::iterator {aka __gnu_cxx::__normal_iterator<int*, std::vector<int> >}’ to ‘unsigned int’
/usr/include/c++/4.6/ostream:202:7: note: std::basic_ostream<_CharT, _Traits>::__ostream_type& std::basic_ostream<_CharT, _Traits>::operator<<(long long int) [with _CharT = char, _Traits = std::char_traits<char>, std::basic_ostream<_CharT, _Traits>::__ostream_type = std::basic_ostream<char>]
/usr/include/c++/4.6/ostream:202:7: note:   no known conversion for argument 1 from ‘std::vector<int>::iterator {aka __gnu_cxx::__normal_iterator<int*, std::vector<int> >}’ to ‘long long int’
/usr/include/c++/4.6/ostream:206:7: note: std::basic_ostream<_CharT, _Traits>::__ostream_type& std::basic_ostream<_CharT, _Traits>::operator<<(long long unsigned int) [with _CharT = char, _Traits = std::char_traits<char>, std::basic_ostream<_CharT, _Traits>::__ostream_type = std::basic_ostream<char>]
/usr/include/c++/4.6/ostream:206:7: note:   no known conversion for argument 1 from ‘std::vector<int>::iterator {aka __gnu_cxx::__normal_iterator<int*, std::vector<int> >}’ to ‘long long unsigned int’
/usr/include/c++/4.6/ostream:211:7: note: std::basic_ostream<_CharT, _Traits>::__ostream_type& std::basic_ostream<_CharT, _Traits>::operator<<(double) [with _CharT = char, _Traits = std::char_traits<char>, std::basic_ostream<_CharT, _Traits>::__ostream_type = std::basic_ostream<char>]
/usr/include/c++/4.6/ostream:211:7: note:   no known conversion for argument 1 from ‘std::vector<int>::iterator {aka __gnu_cxx::__normal_iterator<int*, std::vector<int> >}’ to ‘double’
/usr/include/c++/4.6/ostream:215:7: note: std::basic_ostream<_CharT, _Traits>::__ostream_type& std::basic_ostream<_CharT, _Traits>::operator<<(float) [with _CharT = char, _Traits = std::char_traits<char>, std::basic_ostream<_CharT, _Traits>::__ostream_type = std::basic_ostream<char>]
/usr/include/c++/4.6/ostream:215:7: note:   no known conversion for argument 1 from ‘std::vector<int>::iterator {aka __gnu_cxx::__normal_iterator<int*, std::vector<int> >}’ to ‘float’
/usr/include/c++/4.6/ostream:223:7: note: std::basic_ostream<_CharT, _Traits>::__ostream_type& std::basic_ostream<_CharT, _Traits>::operator<<(long double) [with _CharT = char, _Traits = std::char_traits<char>, std::basic_ostream<_CharT, _Traits>::__ostream_type = std::basic_ostream<char>]
/usr/include/c++/4.6/ostream:223:7: note:   no known conversion for argument 1 from ‘std::vector<int>::iterator {aka __gnu_cxx::__normal_iterator<int*, std::vector<int> >}’ to ‘long double’
/usr/include/c++/4.6/ostream:227:7: note: std::basic_ostream<_CharT, _Traits>::__ostream_type& std::basic_ostream<_CharT, _Traits>::operator<<(const void*) [with _CharT = char, _Traits = std::char_traits<char>, std::basic_ostream<_CharT, _Traits>::__ostream_type = std::basic_ostream<char>]
/usr/include/c++/4.6/ostream:227:7: note:   no known conversion for argument 1 from ‘std::vector<int>::iterator {aka __gnu_cxx::__normal_iterator<int*, std::vector<int> >}’ to ‘const void*’
/usr/include/c++/4.6/bits/ostream.tcc:121:5: note: std::basic_ostream<_CharT, _Traits>& std::basic_ostream<_CharT, _Traits>::operator<<(std::basic_ostream<_CharT, _Traits>::__streambuf_type*) [with _CharT = char, _Traits = std::char_traits<char>, std::basic_ostream<_CharT, _Traits>::__streambuf_type = std::basic_streambuf<char>]
/usr/include/c++/4.6/bits/ostream.tcc:121:5: note:   no known conversion for argument 1 from ‘std::vector<int>::iterator {aka __gnu_cxx::__normal_iterator<int*, std::vector<int> >}’ to ‘std::basic_ostream<char>::__streambuf_type* {aka std::basic_streambuf<char>*}’
/usr/include/c++/4.6/bits/basic_string.h:2693:5: note: template<class _CharT, class _Traits, class _Alloc> std::basic_ostream<_CharT, _Traits>& std::operator<<(std::basic_ostream<_CharT, _Traits>&, const std::basic_string<_CharT, _Traits, _Alloc>&)
/usr/include/c++/4.6/ostream:451:5: note: template<class _CharT, class _Traits> std::basic_ostream<_CharT, _Traits>& std::operator<<(std::basic_ostream<_CharT, _Traits>&, _CharT)
/usr/include/c++/4.6/ostream:456:5: note: template<class _CharT, class _Traits> std::basic_ostream<_CharT, _Traits>& std::operator<<(std::basic_ostream<_CharT, _Traits>&, char)
/usr/include/c++/4.6/ostream:462:5: note: template<class _Traits> std::basic_ostream<char, _Traits>& std::operator<<(std::basic_ostream<char, _Traits>&, char)
/usr/include/c++/4.6/ostream:468:5: note: template<class _Traits> std::basic_ostream<char, _Traits>& std::operator<<(std::basic_ostream<char, _Traits>&, signed char)
/usr/include/c++/4.6/ostream:473:5: note: template<class _Traits> std::basic_ostream<char, _Traits>& std::operator<<(std::basic_ostream<char, _Traits>&, unsigned char)
/usr/include/c++/4.6/ostream:493:5: note: template<class _CharT, class _Traits> std::basic_ostream<_CharT, _Traits>& std::operator<<(std::basic_ostream<_CharT, _Traits>&, const _CharT*)
/usr/include/c++/4.6/bits/ostream.tcc:323:5: note: template<class _CharT, class _Traits> std::basic_ostream<_CharT, _Traits>& std::operator<<(std::basic_ostream<_CharT, _Traits>&, const char*)
/usr/include/c++/4.6/ostream:510:5: note: template<class _Traits> std::basic_ostream<char, _Traits>& std::operator<<(std::basic_ostream<char, _Traits>&, const char*)
/usr/include/c++/4.6/ostream:523:5: note: template<class _Traits> std::basic_ostream<char, _Traits>& std::operator<<(std::basic_ostream<char, _Traits>&, const signed char*)
/usr/include/c++/4.6/ostream:528:5: note: template<class _Traits> std::basic_ostream<char, _Traits>& std::operator<<(std::basic_ostream<char, _Traits>&, const unsigned char*)
make: *** [eventcreator.o] Error 1
19:01:43 **** Incremental Build of configuration Debug for project Event Creator ****
make all 
Building file: ../eventcreator.cpp
Invoking: GCC C++ Compiler
g++ -O0 -g3 -Wall -c -fmessage-length=0 -MMD -MP -MF"eventcreator.d" -MT"eventcreator.d" -o "eventcreator.o" "../eventcreator.cpp"
../eventcreator.cpp: In member function ‘int EventCreator::ChooseEvent()’:
../eventcreator.cpp:160:51: warning: comparison between signed and unsigned integer expressions [-Wsign-compare]
../eventcreator.cpp: In member function ‘char EventCreator::ChooseCourse(Event)’:
../eventcreator.cpp:194:52: warning: comparison between signed and unsigned integer expressions [-Wsign-compare]
Finished building: ../eventcreator.cpp
 
Building target: Event Creator
Invoking: GCC C++ Linker
g++  -o "Event Creator"  ./course.o ./entrant.o ./event.o ./eventcreator.o ./fileio.o ./ioscanner.o   
Finished building target: Event Creator
 
19:02:35 **** Incremental Build of configuration Debug for project Event Creator ****
make all 
make: Nothing to be done for `all'.
19:02:35 **** Incremental Build of configuration Debug for project Event Manager ****
make all 
make: Nothing to be done for `all'.
19:02:39 **** Incremental Build of configuration Debug for project Event Creator ****
make all 
make: Nothing to be done for `all'.
19:03:35 **** Incremental Build of configuration Debug for project Event Creator ****
make all 
Building file: ../eventcreator.cpp
Invoking: GCC C++ Compiler
g++ -O0 -g3 -Wall -c -fmessage-length=0 -MMD -MP -MF"eventcreator.d" -MT"eventcreator.d" -o "eventcreator.o" "../eventcreator.cpp"
../eventcreator.cpp: In member function ‘int EventCreator::ChooseEvent()’:
../eventcreator.cpp:160:51: warning: comparison between signed and unsigned integer expressions [-Wsign-compare]
../eventcreator.cpp: In member function ‘char EventCreator::ChooseCourse(Event)’:
../eventcreator.cpp:194:52: warning: comparison between signed and unsigned integer expressions [-Wsign-compare]
Finished building: ../eventcreator.cpp
 
Building target: Event Creator
Invoking: GCC C++ Linker
g++  -o "Event Creator"  ./course.o ./entrant.o ./event.o ./eventcreator.o ./fileio.o ./ioscanner.o   
Finished building target: Event Creator
 
19:03:58 **** Incremental Build of configuration Debug for project Event Creator ****
make all 
make: Nothing to be done for `all'.
19:05:20 **** Incremental Build of configuration Debug for project Event Creator ****
make all 
Building file: ../eventcreator.cpp
Invoking: GCC C++ Compiler
g++ -O0 -g3 -Wall -c -fmessage-length=0 -MMD -MP -MF"eventcreator.d" -MT"eventcreator.d" -o "eventcreator.o" "../eventcreator.cpp"
../eventcreator.cpp: In member function ‘int EventCreator::ChooseEvent()’:
../eventcreator.cpp:160:51: warning: comparison between signed and unsigned integer expressions [-Wsign-compare]
../eventcreator.cpp: In member function ‘char EventCreator::ChooseCourse(Event)’:
../eventcreator.cpp:194:52: warning: comparison between signed and unsigned integer expressions [-Wsign-compare]
../eventcreator.cpp: In member function ‘void EventCreator::ViewEvent()’:
../eventcreator.cpp:266:52: warning: comparison between signed and unsigned integer expressions [-Wsign-compare]
Finished building: ../eventcreator.cpp
 
Building target: Event Creator
Invoking: GCC C++ Linker
g++  -o "Event Creator"  ./course.o ./entrant.o ./event.o ./eventcreator.o ./fileio.o ./ioscanner.o   
Finished building target: Event Creator
 
19:07:56 **** Incremental Build of configuration Debug for project Event Creator ****
make all 
Building file: ../eventcreator.cpp
Invoking: GCC C++ Compiler
g++ -O0 -g3 -Wall -c -fmessage-length=0 -MMD -MP -MF"eventcreator.d" -MT"eventcreator.d" -o "eventcreator.o" "../eventcreator.cpp"
../eventcreator.cpp: In member function ‘int EventCreator::ChooseEvent()’:
../eventcreator.cpp:160:51: warning: comparison between signed and unsigned integer expressions [-Wsign-compare]
../eventcreator.cpp: In member function ‘char EventCreator::ChooseCourse(Event)’:
../eventcreator.cpp:194:52: warning: comparison between signed and unsigned integer expressions [-Wsign-compare]
../eventcreator.cpp: In member function ‘void EventCreator::ViewEvent()’:
../eventcreator.cpp:267:43: warning: comparison between signed and unsigned integer expressions [-Wsign-compare]
Finished building: ../eventcreator.cpp
 
Building target: Event Creator
Invoking: GCC C++ Linker
g++  -o "Event Creator"  ./course.o ./entrant.o ./event.o ./eventcreator.o ./fileio.o ./ioscanner.o   
Finished building target: Event Creator
 
19:13:35 **** Incremental Build of configuration Debug for project Event Creator ****
make all 
Building file: ../eventcreator.cpp
Invoking: GCC C++ Compiler
g++ -O0 -g3 -Wall -c -fmessage-length=0 -MMD -MP -MF"eventcreator.d" -MT"eventcreator.d" -o "eventcreator.o" "../eventcreator.cpp"
../eventcreator.cpp: In member function ‘int EventCreator::ChooseEvent()’:
../eventcreator.cpp:160:51: warning: comparison between signed and unsigned integer expressions [-Wsign-compare]
../eventcreator.cpp: In member function ‘char EventCreator::ChooseCourse(Event)’:
../eventcreator.cpp:194:52: warning: comparison between signed and unsigned integer expressions [-Wsign-compare]
../eventcreator.cpp: In member function ‘void EventCreator::ViewEvent()’:
../eventcreator.cpp:267:43: warning: comparison between signed and unsigned integer expressions [-Wsign-compare]
Finished building: ../eventcreator.cpp
 
Building target: Event Creator
Invoking: GCC C++ Linker
g++  -o "Event Creator"  ./course.o ./entrant.o ./event.o ./eventcreator.o ./fileio.o ./ioscanner.o   
Finished building target: Event Creator
 
19:15:00 **** Incremental Build of configuration Debug for project Event Creator ****
make all 
Building file: ../eventcreator.cpp
Invoking: GCC C++ Compiler
g++ -O0 -g3 -Wall -c -fmessage-length=0 -MMD -MP -MF"eventcreator.d" -MT"eventcreator.d" -o "eventcreator.o" "../eventcreator.cpp"
../eventcreator.cpp: In member function ‘int EventCreator::ChooseEvent()’:
../eventcreator.cpp:160:51: warning: comparison between signed and unsigned integer expressions [-Wsign-compare]
../eventcreator.cpp: In member function ‘char EventCreator::ChooseCourse(Event)’:
../eventcreator.cpp:194:52: warning: comparison between signed and unsigned integer expressions [-Wsign-compare]
../eventcreator.cpp: In member function ‘void EventCreator::ViewEvent()’:
../eventcreator.cpp:267:43: warning: comparison between signed and unsigned integer expressions [-Wsign-compare]
Finished building: ../eventcreator.cpp
 
Building target: Event Creator
Invoking: GCC C++ Linker
g++  -o "Event Creator"  ./course.o ./entrant.o ./event.o ./eventcreator.o ./fileio.o ./ioscanner.o   
Finished building target: Event Creator
 
19:15:38 **** Incremental Build of configuration Debug for project Event Creator ****
make all 
make: Nothing to be done for `all'.
19:16:57 **** Incremental Build of configuration Debug for project Event Creator ****
make all 
Building file: ../eventcreator.cpp
Invoking: GCC C++ Compiler
g++ -O0 -g3 -Wall -c -fmessage-length=0 -MMD -MP -MF"eventcreator.d" -MT"eventcreator.d" -o "eventcreator.o" "../eventcreator.cpp"
../eventcreator.cpp: In member function ‘int EventCreator::ChooseEvent()’:
../eventcreator.cpp:160:51: warning: comparison between signed and unsigned integer expressions [-Wsign-compare]
../eventcreator.cpp: In member function ‘char EventCreator::ChooseCourse(Event)’:
../eventcreator.cpp:194:52: warning: comparison between signed and unsigned integer expressions [-Wsign-compare]
../eventcreator.cpp: In member function ‘void EventCreator::CreateCourse()’:
../eventcreator.cpp:237:50: warning: comparison between signed and unsigned integer expressions [-Wsign-compare]
../eventcreator.cpp: In member function ‘void EventCreator::ViewEvent()’:
../eventcreator.cpp:271:43: warning: comparison between signed and unsigned integer expressions [-Wsign-compare]
Finished building: ../eventcreator.cpp
 
Building target: Event Creator
Invoking: GCC C++ Linker
g++  -o "Event Creator"  ./course.o ./entrant.o ./event.o ./eventcreator.o ./fileio.o ./ioscanner.o   
Finished building target: Event Creator
 
19:19:09 **** Incremental Build of configuration Debug for project Event Creator ****
make all 
Building file: ../eventcreator.cpp
Invoking: GCC C++ Compiler
g++ -O0 -g3 -Wall -c -fmessage-length=0 -MMD -MP -MF"eventcreator.d" -MT"eventcreator.d" -o "eventcreator.o" "../eventcreator.cpp"
../eventcreator.cpp: In member function ‘int EventCreator::ChooseEvent()’:
../eventcreator.cpp:160:51: warning: comparison between signed and unsigned integer expressions [-Wsign-compare]
../eventcreator.cpp: In member function ‘char EventCreator::ChooseCourse(Event)’:
../eventcreator.cpp:194:52: warning: comparison between signed and unsigned integer expressions [-Wsign-compare]
Finished building: ../eventcreator.cpp
 
Building target: Event Creator
Invoking: GCC C++ Linker
g++  -o "Event Creator"  ./course.o ./entrant.o ./event.o ./eventcreator.o ./fileio.o ./ioscanner.o   
Finished building target: Event Creator
 
19:20:15 **** Incremental Build of configuration Debug for project Event Creator ****
make all 
Building file: ../eventcreator.cpp
Invoking: GCC C++ Compiler
g++ -O0 -g3 -Wall -c -fmessage-length=0 -MMD -MP -MF"eventcreator.d" -MT"eventcreator.d" -o "eventcreator.o" "../eventcreator.cpp"
../eventcreator.cpp: In member function ‘int EventCreator::ChooseEvent()’:
../eventcreator.cpp:160:51: warning: comparison between signed and unsigned integer expressions [-Wsign-compare]
../eventcreator.cpp: In member function ‘char EventCreator::ChooseCourse(Event)’:
../eventcreator.cpp:194:52: warning: comparison between signed and unsigned integer expressions [-Wsign-compare]
Finished building: ../eventcreator.cpp
 
Building target: Event Creator
Invoking: GCC C++ Linker
g++  -o "Event Creator"  ./course.o ./entrant.o ./event.o ./eventcreator.o ./fileio.o ./ioscanner.o   
Finished building target: Event Creator
 
19:20:52 **** Incremental Build of configuration Debug for project Event Creator ****
make all 
make: Nothing to be done for `all'.
19:20:55 **** Incremental Build of configuration Debug for project Event Creator ****
make all 
make: Nothing to be done for `all'.
19:20:55 **** Incremental Build of configuration Debug for project Event Manager ****
make all 
make: Nothing to be done for `all'.
19:21:00 **** Incremental Build of configuration Debug for project Event Creator ****
make all 
make: Nothing to be done for `all'.
19:26:03 **** Incremental Build of configuration Debug for project Event Creator ****
make all 
Building file: ../eventcreator.cpp
Invoking: GCC C++ Compiler
g++ -O0 -g3 -Wall -c -fmessage-length=0 -MMD -MP -MF"eventcreator.d" -MT"eventcreator.d" -o "eventcreator.o" "../eventcreator.cpp"
../eventcreator.cpp: In member function ‘int EventCreator::ChooseEvent()’:
../eventcreator.cpp:160:51: warning: comparison between signed and unsigned integer expressions [-Wsign-compare]
../eventcreator.cpp: In member function ‘char EventCreator::ChooseCourse(Event)’:
../eventcreator.cpp:194:52: warning: comparison between signed and unsigned integer expressions [-Wsign-compare]
../eventcreator.cpp: In member function ‘void EventCreator::ViewEvent()’:
../eventcreator.cpp:267:64: error: conversion from ‘std::vector<int>::iterator {aka __gnu_cxx::__normal_iterator<int*, std::vector<int> >}’ to non-scalar type ‘std::vector<long unsigned int>::iterator {aka __gnu_cxx::__normal_iterator<long unsigned int*, std::vector<long unsigned int> >}’ requested
../eventcreator.cpp:268:37: error: no match for ‘operator!=’ in ‘jt != nodes.std::vector<_Tp, _Alloc>::end [with _Tp = int, _Alloc = std::allocator<int>, std::vector<_Tp, _Alloc>::iterator = __gnu_cxx::__normal_iterator<int*, std::vector<int> >, typename std::_Vector_base<_Tp, _Alloc>::_Tp_alloc_type::pointer = int*]()’
../eventcreator.cpp:268:37: note: candidates are:
/usr/include/c++/4.6/bits/postypes.h:223:5: note: template<class _StateT> bool std::operator!=(const std::fpos<_StateT>&, const std::fpos<_StateT>&)
/usr/include/c++/4.6/bits/stl_pair.h:214:5: note: template<class _T1, class _T2> bool std::operator!=(const std::pair<_T1, _T2>&, const std::pair<_T1, _T2>&)
/usr/include/c++/4.6/bits/stl_iterator.h:297:5: note: template<class _Iterator> bool std::operator!=(const std::reverse_iterator<_Iterator>&, const std::reverse_iterator<_Iterator>&)
/usr/include/c++/4.6/bits/stl_iterator.h:347:5: note: template<class _IteratorL, class _IteratorR> bool std::operator!=(const std::reverse_iterator<_IteratorL>&, const std::reverse_iterator<_IteratorR>&)
/usr/include/c++/4.6/bits/allocator.h:132:5: note: template<class _T1, class _T2> bool std::operator!=(const std::allocator<_T1>&, const std::allocator<_T2>&)
/usr/include/c++/4.6/bits/allocator.h:137:5: note: template<class _Tp> bool std::operator!=(const std::allocator<_Tp1>&, const std::allocator<_Tp1>&)
/usr/include/c++/4.6/bits/basic_string.h:2473:5: note: template<class _CharT, class _Traits, class _Alloc> bool std::operator!=(const std::basic_string<_CharT, _Traits, _Alloc>&, const std::basic_string<_CharT, _Traits, _Alloc>&)
/usr/include/c++/4.6/bits/basic_string.h:2485:5: note: template<class _CharT, class _Traits, class _Alloc> bool std::operator!=(const _CharT*, const std::basic_string<_CharT, _Traits, _Alloc>&)
/usr/include/c++/4.6/bits/basic_string.h:2497:5: note: template<class _CharT, class _Traits, class _Alloc> bool std::operator!=(const std::basic_string<_CharT, _Traits, _Alloc>&, const _CharT*)
/usr/include/c++/4.6/bits/streambuf_iterator.h:200:5: note: template<class _CharT, class _Traits> bool std::operator!=(const std::istreambuf_iterator<_CharT, _Traits>&, const std::istreambuf_iterator<_CharT, _Traits>&)
/usr/include/c++/4.6/bits/stl_vector.h:1297:5: note: template<class _Tp, class _Alloc> bool std::operator!=(const std::vector<_Tp, _Alloc>&, const std::vector<_Tp, _Alloc>&)
/usr/include/c++/4.6/ext/new_allocator.h:128:5: note: template<class _Tp> bool __gnu_cxx::operator!=(const __gnu_cxx::new_allocator<_Tp>&, const __gnu_cxx::new_allocator<_Tp>&)
/usr/include/c++/4.6/bits/stl_iterator.h:817:5: note: template<class _Iterator, class _Container> bool __gnu_cxx::operator!=(const __gnu_cxx::__normal_iterator<_Iterator, _Container>&, const __gnu_cxx::__normal_iterator<_Iterator, _Container>&)
/usr/include/c++/4.6/bits/stl_iterator.h:811:5: note: template<class _IteratorL, class _IteratorR, class _Container> bool __gnu_cxx::operator!=(const __gnu_cxx::__normal_iterator<_IteratorL, _Container>&, const __gnu_cxx::__normal_iterator<_IteratorR, _Container>&)
make: *** [eventcreator.o] Error 1
19:28:34 **** Incremental Build of configuration Debug for project Event Creator ****
make all 
Building file: ../eventcreator.cpp
Invoking: GCC C++ Compiler
g++ -O0 -g3 -Wall -c -fmessage-length=0 -MMD -MP -MF"eventcreator.d" -MT"eventcreator.d" -o "eventcreator.o" "../eventcreator.cpp"
../eventcreator.cpp: In member function ‘int EventCreator::ChooseEvent()’:
../eventcreator.cpp:160:51: warning: comparison between signed and unsigned integer expressions [-Wsign-compare]
../eventcreator.cpp: In member function ‘char EventCreator::ChooseCourse(Event)’:
../eventcreator.cpp:194:52: warning: comparison between signed and unsigned integer expressions [-Wsign-compare]
Finished building: ../eventcreator.cpp
 
Building target: Event Creator
Invoking: GCC C++ Linker
g++  -o "Event Creator"  ./course.o ./entrant.o ./event.o ./eventcreator.o ./fileio.o ./ioscanner.o   
Finished building target: Event Creator
 
19:29:10 **** Incremental Build of configuration Debug for project Event Creator ****
make all 
make: Nothing to be done for `all'.
19:31:32 **** Incremental Build of configuration Debug for project Event Creator ****
make all 
Building file: ../eventcreator.cpp
Invoking: GCC C++ Compiler
g++ -O0 -g3 -Wall -c -fmessage-length=0 -MMD -MP -MF"eventcreator.d" -MT"eventcreator.d" -o "eventcreator.o" "../eventcreator.cpp"
../eventcreator.cpp: In member function ‘int EventCreator::ChooseEvent()’:
../eventcreator.cpp:160:51: warning: comparison between signed and unsigned integer expressions [-Wsign-compare]
../eventcreator.cpp: In member function ‘char EventCreator::ChooseCourse(Event)’:
../eventcreator.cpp:194:52: warning: comparison between signed and unsigned integer expressions [-Wsign-compare]
../eventcreator.cpp: In member function ‘void EventCreator::ViewEvent()’:
../eventcreator.cpp:269:28: error: invalid use of ‘__gnu_cxx::__normal_iterator<int*, std::vector<int> >::value_type’
make: *** [eventcreator.o] Error 1
19:31:40 **** Incremental Build of configuration Debug for project Event Creator ****
make all 
Building file: ../eventcreator.cpp
Invoking: GCC C++ Compiler
g++ -O0 -g3 -Wall -c -fmessage-length=0 -MMD -MP -MF"eventcreator.d" -MT"eventcreator.d" -o "eventcreator.o" "../eventcreator.cpp"
../eventcreator.cpp: In member function ‘int EventCreator::ChooseEvent()’:
../eventcreator.cpp:160:51: warning: comparison between signed and unsigned integer expressions [-Wsign-compare]
../eventcreator.cpp: In member function ‘char EventCreator::ChooseCourse(Event)’:
../eventcreator.cpp:194:52: warning: comparison between signed and unsigned integer expressions [-Wsign-compare]
../eventcreator.cpp: In member function ‘void EventCreator::ViewEvent()’:
../eventcreator.cpp:269:25: error: no match for ‘operator<<’ in ‘std::cout << jt’
../eventcreator.cpp:269:25: note: candidates are:
/usr/include/c++/4.6/ostream:110:7: note: std::basic_ostream<_CharT, _Traits>::__ostream_type& std::basic_ostream<_CharT, _Traits>::operator<<(std::basic_ostream<_CharT, _Traits>::__ostream_type& (*)(std::basic_ostream<_CharT, _Traits>::__ostream_type&)) [with _CharT = char, _Traits = std::char_traits<char>, std::basic_ostream<_CharT, _Traits>::__ostream_type = std::basic_ostream<char>]
/usr/include/c++/4.6/ostream:110:7: note:   no known conversion for argument 1 from ‘std::vector<int>::iterator {aka __gnu_cxx::__normal_iterator<int*, std::vector<int> >}’ to ‘std::basic_ostream<char>::__ostream_type& (*)(std::basic_ostream<char>::__ostream_type&) {aka std::basic_ostream<char>& (*)(std::basic_ostream<char>&)}’
/usr/include/c++/4.6/ostream:119:7: note: std::basic_ostream<_CharT, _Traits>::__ostream_type& std::basic_ostream<_CharT, _Traits>::operator<<(std::basic_ostream<_CharT, _Traits>::__ios_type& (*)(std::basic_ostream<_CharT, _Traits>::__ios_type&)) [with _CharT = char, _Traits = std::char_traits<char>, std::basic_ostream<_CharT, _Traits>::__ostream_type = std::basic_ostream<char>, std::basic_ostream<_CharT, _Traits>::__ios_type = std::basic_ios<char>]
/usr/include/c++/4.6/ostream:119:7: note:   no known conversion for argument 1 from ‘std::vector<int>::iterator {aka __gnu_cxx::__normal_iterator<int*, std::vector<int> >}’ to ‘std::basic_ostream<char>::__ios_type& (*)(std::basic_ostream<char>::__ios_type&) {aka std::basic_ios<char>& (*)(std::basic_ios<char>&)}’
/usr/include/c++/4.6/ostream:129:7: note: std::basic_ostream<_CharT, _Traits>::__ostream_type& std::basic_ostream<_CharT, _Traits>::operator<<(std::ios_base& (*)(std::ios_base&)) [with _CharT = char, _Traits = std::char_traits<char>, std::basic_ostream<_CharT, _Traits>::__ostream_type = std::basic_ostream<char>]
/usr/include/c++/4.6/ostream:129:7: note:   no known conversion for argument 1 from ‘std::vector<int>::iterator {aka __gnu_cxx::__normal_iterator<int*, std::vector<int> >}’ to ‘std::ios_base& (*)(std::ios_base&)’
/usr/include/c++/4.6/ostream:167:7: note: std::basic_ostream<_CharT, _Traits>::__ostream_type& std::basic_ostream<_CharT, _Traits>::operator<<(long int) [with _CharT = char, _Traits = std::char_traits<char>, std::basic_ostream<_CharT, _Traits>::__ostream_type = std::basic_ostream<char>]
/usr/include/c++/4.6/ostream:167:7: note:   no known conversion for argument 1 from ‘std::vector<int>::iterator {aka __gnu_cxx::__normal_iterator<int*, std::vector<int> >}’ to ‘long int’
/usr/include/c++/4.6/ostream:171:7: note: std::basic_ostream<_CharT, _Traits>::__ostream_type& std::basic_ostream<_CharT, _Traits>::operator<<(long unsigned int) [with _CharT = char, _Traits = std::char_traits<char>, std::basic_ostream<_CharT, _Traits>::__ostream_type = std::basic_ostream<char>]
/usr/include/c++/4.6/ostream:171:7: note:   no known conversion for argument 1 from ‘std::vector<int>::iterator {aka __gnu_cxx::__normal_iterator<int*, std::vector<int> >}’ to ‘long unsigned int’
/usr/include/c++/4.6/ostream:175:7: note: std::basic_ostream<_CharT, _Traits>::__ostream_type& std::basic_ostream<_CharT, _Traits>::operator<<(bool) [with _CharT = char, _Traits = std::char_traits<char>, std::basic_ostream<_CharT, _Traits>::__ostream_type = std::basic_ostream<char>]
/usr/include/c++/4.6/ostream:175:7: note:   no known conversion for argument 1 from ‘std::vector<int>::iterator {aka __gnu_cxx::__normal_iterator<int*, std::vector<int> >}’ to ‘bool’
/usr/include/c++/4.6/bits/ostream.tcc:93:5: note: std::basic_ostream<_CharT, _Traits>& std::basic_ostream<_CharT, _Traits>::operator<<(short int) [with _CharT = char, _Traits = std::char_traits<char>]
/usr/include/c++/4.6/bits/ostream.tcc:93:5: note:   no known conversion for argument 1 from ‘std::vector<int>::iterator {aka __gnu_cxx::__normal_iterator<int*, std::vector<int> >}’ to ‘short int’
/usr/include/c++/4.6/ostream:182:7: note: std::basic_ostream<_CharT, _Traits>::__ostream_type& std::basic_ostream<_CharT, _Traits>::operator<<(short unsigned int) [with _CharT = char, _Traits = std::char_traits<char>, std::basic_ostream<_CharT, _Traits>::__ostream_type = std::basic_ostream<char>]
/usr/include/c++/4.6/ostream:182:7: note:   no known conversion for argument 1 from ‘std::vector<int>::iterator {aka __gnu_cxx::__normal_iterator<int*, std::vector<int> >}’ to ‘short unsigned int’
/usr/include/c++/4.6/bits/ostream.tcc:107:5: note: std::basic_ostream<_CharT, _Traits>& std::basic_ostream<_CharT, _Traits>::operator<<(int) [with _CharT = char, _Traits = std::char_traits<char>]
/usr/include/c++/4.6/bits/ostream.tcc:107:5: note:   no known conversion for argument 1 from ‘std::vector<int>::iterator {aka __gnu_cxx::__normal_iterator<int*, std::vector<int> >}’ to ‘int’
/usr/include/c++/4.6/ostream:193:7: note: std::basic_ostream<_CharT, _Traits>::__ostream_type& std::basic_ostream<_CharT, _Traits>::operator<<(unsigned int) [with _CharT = char, _Traits = std::char_traits<char>, std::basic_ostream<_CharT, _Traits>::__ostream_type = std::basic_ostream<char>]
/usr/include/c++/4.6/ostream:193:7: note:   no known conversion for argument 1 from ‘std::vector<int>::iterator {aka __gnu_cxx::__normal_iterator<int*, std::vector<int> >}’ to ‘unsigned int’
/usr/include/c++/4.6/ostream:202:7: note: std::basic_ostream<_CharT, _Traits>::__ostream_type& std::basic_ostream<_CharT, _Traits>::operator<<(long long int) [with _CharT = char, _Traits = std::char_traits<char>, std::basic_ostream<_CharT, _Traits>::__ostream_type = std::basic_ostream<char>]
/usr/include/c++/4.6/ostream:202:7: note:   no known conversion for argument 1 from ‘std::vector<int>::iterator {aka __gnu_cxx::__normal_iterator<int*, std::vector<int> >}’ to ‘long long int’
/usr/include/c++/4.6/ostream:206:7: note: std::basic_ostream<_CharT, _Traits>::__ostream_type& std::basic_ostream<_CharT, _Traits>::operator<<(long long unsigned int) [with _CharT = char, _Traits = std::char_traits<char>, std::basic_ostream<_CharT, _Traits>::__ostream_type = std::basic_ostream<char>]
/usr/include/c++/4.6/ostream:206:7: note:   no known conversion for argument 1 from ‘std::vector<int>::iterator {aka __gnu_cxx::__normal_iterator<int*, std::vector<int> >}’ to ‘long long unsigned int’
/usr/include/c++/4.6/ostream:211:7: note: std::basic_ostream<_CharT, _Traits>::__ostream_type& std::basic_ostream<_CharT, _Traits>::operator<<(double) [with _CharT = char, _Traits = std::char_traits<char>, std::basic_ostream<_CharT, _Traits>::__ostream_type = std::basic_ostream<char>]
/usr/include/c++/4.6/ostream:211:7: note:   no known conversion for argument 1 from ‘std::vector<int>::iterator {aka __gnu_cxx::__normal_iterator<int*, std::vector<int> >}’ to ‘double’
/usr/include/c++/4.6/ostream:215:7: note: std::basic_ostream<_CharT, _Traits>::__ostream_type& std::basic_ostream<_CharT, _Traits>::operator<<(float) [with _CharT = char, _Traits = std::char_traits<char>, std::basic_ostream<_CharT, _Traits>::__ostream_type = std::basic_ostream<char>]
/usr/include/c++/4.6/ostream:215:7: note:   no known conversion for argument 1 from ‘std::vector<int>::iterator {aka __gnu_cxx::__normal_iterator<int*, std::vector<int> >}’ to ‘float’
/usr/include/c++/4.6/ostream:223:7: note: std::basic_ostream<_CharT, _Traits>::__ostream_type& std::basic_ostream<_CharT, _Traits>::operator<<(long double) [with _CharT = char, _Traits = std::char_traits<char>, std::basic_ostream<_CharT, _Traits>::__ostream_type = std::basic_ostream<char>]
/usr/include/c++/4.6/ostream:223:7: note:   no known conversion for argument 1 from ‘std::vector<int>::iterator {aka __gnu_cxx::__normal_iterator<int*, std::vector<int> >}’ to ‘long double’
/usr/include/c++/4.6/ostream:227:7: note: std::basic_ostream<_CharT, _Traits>::__ostream_type& std::basic_ostream<_CharT, _Traits>::operator<<(const void*) [with _CharT = char, _Traits = std::char_traits<char>, std::basic_ostream<_CharT, _Traits>::__ostream_type = std::basic_ostream<char>]
/usr/include/c++/4.6/ostream:227:7: note:   no known conversion for argument 1 from ‘std::vector<int>::iterator {aka __gnu_cxx::__normal_iterator<int*, std::vector<int> >}’ to ‘const void*’
/usr/include/c++/4.6/bits/ostream.tcc:121:5: note: std::basic_ostream<_CharT, _Traits>& std::basic_ostream<_CharT, _Traits>::operator<<(std::basic_ostream<_CharT, _Traits>::__streambuf_type*) [with _CharT = char, _Traits = std::char_traits<char>, std::basic_ostream<_CharT, _Traits>::__streambuf_type = std::basic_streambuf<char>]
/usr/include/c++/4.6/bits/ostream.tcc:121:5: note:   no known conversion for argument 1 from ‘std::vector<int>::iterator {aka __gnu_cxx::__normal_iterator<int*, std::vector<int> >}’ to ‘std::basic_ostream<char>::__streambuf_type* {aka std::basic_streambuf<char>*}’
/usr/include/c++/4.6/bits/basic_string.h:2693:5: note: template<class _CharT, class _Traits, class _Alloc> std::basic_ostream<_CharT, _Traits>& std::operator<<(std::basic_ostream<_CharT, _Traits>&, const std::basic_string<_CharT, _Traits, _Alloc>&)
/usr/include/c++/4.6/ostream:451:5: note: template<class _CharT, class _Traits> std::basic_ostream<_CharT, _Traits>& std::operator<<(std::basic_ostream<_CharT, _Traits>&, _CharT)
/usr/include/c++/4.6/ostream:456:5: note: template<class _CharT, class _Traits> std::basic_ostream<_CharT, _Traits>& std::operator<<(std::basic_ostream<_CharT, _Traits>&, char)
/usr/include/c++/4.6/ostream:462:5: note: template<class _Traits> std::basic_ostream<char, _Traits>& std::operator<<(std::basic_ostream<char, _Traits>&, char)
/usr/include/c++/4.6/ostream:468:5: note: template<class _Traits> std::basic_ostream<char, _Traits>& std::operator<<(std::basic_ostream<char, _Traits>&, signed char)
/usr/include/c++/4.6/ostream:473:5: note: template<class _Traits> std::basic_ostream<char, _Traits>& std::operator<<(std::basic_ostream<char, _Traits>&, unsigned char)
/usr/include/c++/4.6/ostream:493:5: note: template<class _CharT, class _Traits> std::basic_ostream<_CharT, _Traits>& std::operator<<(std::basic_ostream<_CharT, _Traits>&, const _CharT*)
/usr/include/c++/4.6/bits/ostream.tcc:323:5: note: template<class _CharT, class _Traits> std::basic_ostream<_CharT, _Traits>& std::operator<<(std::basic_ostream<_CharT, _Traits>&, const char*)
/usr/include/c++/4.6/ostream:510:5: note: template<class _Traits> std::basic_ostream<char, _Traits>& std::operator<<(std::basic_ostream<char, _Traits>&, const char*)
/usr/include/c++/4.6/ostream:523:5: note: template<class _Traits> std::basic_ostream<char, _Traits>& std::operator<<(std::basic_ostream<char, _Traits>&, const signed char*)
/usr/include/c++/4.6/ostream:528:5: note: template<class _Traits> std::basic_ostream<char, _Traits>& std::operator<<(std::basic_ostream<char, _Traits>&, const unsigned char*)
make: *** [eventcreator.o] Error 1
19:31:50 **** Incremental Build of configuration Debug for project Event Creator ****
make all 
Building file: ../eventcreator.cpp
Invoking: GCC C++ Compiler
g++ -O0 -g3 -Wall -c -fmessage-length=0 -MMD -MP -MF"eventcreator.d" -MT"eventcreator.d" -o "eventcreator.o" "../eventcreator.cpp"
../eventcreator.cpp: In member function ‘int EventCreator::ChooseEvent()’:
../eventcreator.cpp:160:51: warning: comparison between signed and unsigned integer expressions [-Wsign-compare]
../eventcreator.cpp: In member function ‘char EventCreator::ChooseCourse(Event)’:
../eventcreator.cpp:194:52: warning: comparison between signed and unsigned integer expressions [-Wsign-compare]
Finished building: ../eventcreator.cpp
 
Building target: Event Creator
Invoking: GCC C++ Linker
g++  -o "Event Creator"  ./course.o ./entrant.o ./event.o ./eventcreator.o ./fileio.o ./ioscanner.o   
Finished building target: Event Creator
 
19:33:15 **** Incremental Build of configuration Debug for project Event Creator ****
make all 
Building file: ../eventcreator.cpp
Invoking: GCC C++ Compiler
g++ -O0 -g3 -Wall -c -fmessage-length=0 -MMD -MP -MF"eventcreator.d" -MT"eventcreator.d" -o "eventcreator.o" "../eventcreator.cpp"
../eventcreator.cpp: In member function ‘int EventCreator::ChooseEvent()’:
../eventcreator.cpp:160:51: warning: comparison between signed and unsigned integer expressions [-Wsign-compare]
../eventcreator.cpp: In member function ‘char EventCreator::ChooseCourse(Event)’:
../eventcreator.cpp:194:52: warning: comparison between signed and unsigned integer expressions [-Wsign-compare]
Finished building: ../eventcreator.cpp
 
Building target: Event Creator
Invoking: GCC C++ Linker
g++  -o "Event Creator"  ./course.o ./entrant.o ./event.o ./eventcreator.o ./fileio.o ./ioscanner.o   
Finished building target: Event Creator
 
19:36:07 **** Incremental Build of configuration Debug for project Event Creator ****
make all 
make: Nothing to be done for `all'.
19:36:26 **** Incremental Build of configuration Debug for project Event Creator ****
make all 
Building file: ../eventcreator.cpp
Invoking: GCC C++ Compiler
g++ -O0 -g3 -Wall -c -fmessage-length=0 -MMD -MP -MF"eventcreator.d" -MT"eventcreator.d" -o "eventcreator.o" "../eventcreator.cpp"
../eventcreator.cpp: In member function ‘int EventCreator::ChooseEvent()’:
../eventcreator.cpp:160:51: warning: comparison between signed and unsigned integer expressions [-Wsign-compare]
../eventcreator.cpp: In member function ‘char EventCreator::ChooseCourse(Event)’:
../eventcreator.cpp:194:52: warning: comparison between signed and unsigned integer expressions [-Wsign-compare]
Finished building: ../eventcreator.cpp
 
Building target: Event Creator
Invoking: GCC C++ Linker
g++  -o "Event Creator"  ./course.o ./entrant.o ./event.o ./eventcreator.o ./fileio.o ./ioscanner.o   
Finished building target: Event Creator
 
